<?xml version="1.0" encoding="UTF-8"?>
<!-- Generated by org.testng.reporters.JUnitXMLReporter -->
<testsuite ignored="4" hostname="TEKSCHOOL" failures="0" tests="2" name="Annotations" time="0.084" errors="0" timestamp="2023-02-28T20:04:12 EST">
  <testcase classname="testNG.basics.TestNGAnnotations" name="testOne" time="0.009"/>
  <testcase classname="testNG.basics.TestNGAssertions" name="testTwo" time="0.004"/>
  <testcase classname="testNG.basics.TestNGAssertions" name="testOne" time="0.0">
    <ignored/>
  </testcase> <!-- testOne -->
  <testcase classname="testNG.basics.TestNGAnnotations" name="testThree" time="0.0">
    <ignored/>
  </testcase> <!-- testThree -->
  <testcase classname="testNG.basics.TestNGAnnotations" name="testTwo" time="0.0">
    <ignored/>
  </testcase> <!-- testTwo -->
  <testcase classname="testNG.basics.TestNGAnnotations" name="testFour" time="0.0">
    <ignored/>
  </testcase> <!-- testFour -->
</testsuite> <!-- Annotations -->
