<?xml version="1.0" encoding="UTF-8"?>
<!-- Generated by org.testng.reporters.JUnitXMLReporter -->
<testsuite ignored="0" hostname="TEKSCHOOL" failures="0" tests="12" name="Default test" time="1.003" errors="0" timestamp="2023-02-28T22:06:29 EST">
  <testcase classname="testNG.basics.TestNGDataProviderWithExcelSheet" name="testOne" time="0.006"/>
  <testcase classname="testNG.basics.TestNGDataProviderWithExcelSheet" name="testOne" time="0.001"/>
  <testcase classname="testNG.basics.TestNGDataProviderWithExcelSheet" name="testOne" time="0.0"/>
  <testcase classname="testNG.basics.TestNGDataProviderWithExcelSheet" name="testOne" time="0.001"/>
  <testcase classname="testNG.basics.TestNGDataProviderWithExcelSheet" name="testOne" time="0.0"/>
  <testcase classname="testNG.basics.TestNGDataProviderWithExcelSheet" name="testOne" time="0.001"/>
  <testcase classname="testNG.basics.TestNGDataProviderWithExcelSheet" name="testOne" time="0.001"/>
  <testcase classname="testNG.basics.TestNGDataProviderWithExcelSheet" name="testOne" time="0.0"/>
  <testcase classname="testNG.basics.TestNGDataProviderWithExcelSheet" name="testOne" time="0.001"/>
  <testcase classname="testNG.basics.TestNGDataProviderWithExcelSheet" name="testOne" time="0.001"/>
  <testcase classname="testNG.basics.TestNGDataProviderWithExcelSheet" name="testOne" time="0.002"/>
  <testcase classname="testNG.basics.TestNGDataProviderWithExcelSheet" name="testOne" time="0.0"/>
</testsuite> <!-- Default test -->
