<?xml version="1.0" encoding="UTF-8"?>
<!-- Generated by org.testng.reporters.JUnitXMLReporter -->
<testsuite ignored="0" hostname="TEKSCHOOL" failures="0" tests="4" name="Default test" time="0.06" errors="0" timestamp="2023-02-28T20:26:12 EST">
  <testcase classname="testNG.basics.TestNGDataProvider" name="test" time="0.005"/>
  <testcase classname="testNG.basics.TestNGDataProvider" name="test" time="0.001"/>
  <testcase classname="testNG.basics.TestNGDataProvider" name="test" time="0.001"/>
  <testcase classname="testNG.basics.TestNGDataProvider" name="test" time="0.001"/>
</testsuite> <!-- Default test -->
