<?xml version="1.0" encoding="UTF-8"?>
<testng-results ignored="0" total="12" passed="12" failed="0" skipped="0">
  <reporter-output>
  </reporter-output>
  <suite started-at="2023-02-28T22:06:28 EST" name="Default suite" finished-at="2023-02-28T22:06:29 EST" duration-ms="1003">
    <groups>
    </groups>
    <test started-at="2023-02-28T22:06:28 EST" name="Default test" finished-at="2023-02-28T22:06:29 EST" duration-ms="1003">
      <class name="testNG.basics.TestNGDataProviderWithExcelSheet">
        <test-method signature="testOne(java.lang.String,java.lang.String,java.lang.String,java.lang.String,java.lang.Double)[pri:0, instance:testNG.basics.TestNGDataProviderWithExcelSheet@1ffaf86]" started-at="2023-02-28T22:06:29 EST" name="testOne" data-provider="informationData" finished-at="2023-02-28T22:06:29 EST" duration-ms="6" status="PASS">
          <params>
            <param index="0">
              <value>
                <![CDATA[Alex]]>
              </value>
            </param>
            <param index="1">
              <value>
                <![CDATA[alex@tekschool.us]]>
              </value>
            </param>
            <param index="2">
              <value>
                <![CDATA[Falls Church]]>
              </value>
            </param>
            <param index="3">
              <value>
                <![CDATA[VA]]>
              </value>
            </param>
            <param index="4">
              <value>
                <![CDATA[22044.0]]>
              </value>
            </param>
          </params>
          <reporter-output>
          </reporter-output>
        </test-method> <!-- testOne -->
        <test-method signature="testOne(java.lang.String,java.lang.String,java.lang.String,java.lang.String,java.lang.Double)[pri:0, instance:testNG.basics.TestNGDataProviderWithExcelSheet@1ffaf86]" started-at="2023-02-28T22:06:29 EST" name="testOne" data-provider="informationData" finished-at="2023-02-28T22:06:29 EST" duration-ms="1" status="PASS">
          <params>
            <param index="0">
              <value>
                <![CDATA[Ahmed]]>
              </value>
            </param>
            <param index="1">
              <value>
                <![CDATA[ahmed@tekschool.us]]>
              </value>
            </param>
            <param index="2">
              <value>
                <![CDATA[Tysons]]>
              </value>
            </param>
            <param index="3">
              <value>
                <![CDATA[VA]]>
              </value>
            </param>
            <param index="4">
              <value>
                <![CDATA[22182.0]]>
              </value>
            </param>
          </params>
          <reporter-output>
          </reporter-output>
        </test-method> <!-- testOne -->
        <test-method signature="testOne(java.lang.String,java.lang.String,java.lang.String,java.lang.String,java.lang.Double)[pri:0, instance:testNG.basics.TestNGDataProviderWithExcelSheet@1ffaf86]" started-at="2023-02-28T22:06:29 EST" name="testOne" data-provider="informationData" finished-at="2023-02-28T22:06:29 EST" duration-ms="0" status="PASS">
          <params>
            <param index="0">
              <value>
                <![CDATA[Freshta ]]>
              </value>
            </param>
            <param index="1">
              <value>
                <![CDATA[Freshta@tekschool.us]]>
              </value>
            </param>
            <param index="2">
              <value>
                <![CDATA[Alexandria]]>
              </value>
            </param>
            <param index="3">
              <value>
                <![CDATA[VA]]>
              </value>
            </param>
            <param index="4">
              <value>
                <![CDATA[22014.0]]>
              </value>
            </param>
          </params>
          <reporter-output>
          </reporter-output>
        </test-method> <!-- testOne -->
        <test-method signature="testOne(java.lang.String,java.lang.String,java.lang.String,java.lang.String,java.lang.Double)[pri:0, instance:testNG.basics.TestNGDataProviderWithExcelSheet@1ffaf86]" started-at="2023-02-28T22:06:29 EST" name="testOne" data-provider="informationData" finished-at="2023-02-28T22:06:29 EST" duration-ms="1" status="PASS">
          <params>
            <param index="0">
              <value>
                <![CDATA[Sean]]>
              </value>
            </param>
            <param index="1">
              <value>
                <![CDATA[sean@tekschoo.us]]>
              </value>
            </param>
            <param index="2">
              <value>
                <![CDATA[Miami]]>
              </value>
            </param>
            <param index="3">
              <value>
                <![CDATA[Fl]]>
              </value>
            </param>
            <param index="4">
              <value>
                <![CDATA[11225.0]]>
              </value>
            </param>
          </params>
          <reporter-output>
          </reporter-output>
        </test-method> <!-- testOne -->
        <test-method signature="testOne(java.lang.String,java.lang.String,java.lang.String,java.lang.String,java.lang.Double)[pri:0, instance:testNG.basics.TestNGDataProviderWithExcelSheet@1ffaf86]" started-at="2023-02-28T22:06:29 EST" name="testOne" data-provider="informationData" finished-at="2023-02-28T22:06:29 EST" duration-ms="0" status="PASS">
          <params>
            <param index="0">
              <value>
                <![CDATA[Alex]]>
              </value>
            </param>
            <param index="1">
              <value>
                <![CDATA[alex@tekschool.us]]>
              </value>
            </param>
            <param index="2">
              <value>
                <![CDATA[Falls Church]]>
              </value>
            </param>
            <param index="3">
              <value>
                <![CDATA[VA]]>
              </value>
            </param>
            <param index="4">
              <value>
                <![CDATA[22044.0]]>
              </value>
            </param>
          </params>
          <reporter-output>
          </reporter-output>
        </test-method> <!-- testOne -->
        <test-method signature="testOne(java.lang.String,java.lang.String,java.lang.String,java.lang.String,java.lang.Double)[pri:0, instance:testNG.basics.TestNGDataProviderWithExcelSheet@1ffaf86]" started-at="2023-02-28T22:06:29 EST" name="testOne" data-provider="informationData" finished-at="2023-02-28T22:06:29 EST" duration-ms="1" status="PASS">
          <params>
            <param index="0">
              <value>
                <![CDATA[Ahmed]]>
              </value>
            </param>
            <param index="1">
              <value>
                <![CDATA[ahmed@tekschool.us]]>
              </value>
            </param>
            <param index="2">
              <value>
                <![CDATA[Tysons]]>
              </value>
            </param>
            <param index="3">
              <value>
                <![CDATA[VA]]>
              </value>
            </param>
            <param index="4">
              <value>
                <![CDATA[22182.0]]>
              </value>
            </param>
          </params>
          <reporter-output>
          </reporter-output>
        </test-method> <!-- testOne -->
        <test-method signature="testOne(java.lang.String,java.lang.String,java.lang.String,java.lang.String,java.lang.Double)[pri:0, instance:testNG.basics.TestNGDataProviderWithExcelSheet@1ffaf86]" started-at="2023-02-28T22:06:29 EST" name="testOne" data-provider="informationData" finished-at="2023-02-28T22:06:29 EST" duration-ms="1" status="PASS">
          <params>
            <param index="0">
              <value>
                <![CDATA[Freshta ]]>
              </value>
            </param>
            <param index="1">
              <value>
                <![CDATA[Freshta@tekschool.us]]>
              </value>
            </param>
            <param index="2">
              <value>
                <![CDATA[Alexandria]]>
              </value>
            </param>
            <param index="3">
              <value>
                <![CDATA[VA]]>
              </value>
            </param>
            <param index="4">
              <value>
                <![CDATA[22014.0]]>
              </value>
            </param>
          </params>
          <reporter-output>
          </reporter-output>
        </test-method> <!-- testOne -->
        <test-method signature="testOne(java.lang.String,java.lang.String,java.lang.String,java.lang.String,java.lang.Double)[pri:0, instance:testNG.basics.TestNGDataProviderWithExcelSheet@1ffaf86]" started-at="2023-02-28T22:06:29 EST" name="testOne" data-provider="informationData" finished-at="2023-02-28T22:06:29 EST" duration-ms="0" status="PASS">
          <params>
            <param index="0">
              <value>
                <![CDATA[Sean]]>
              </value>
            </param>
            <param index="1">
              <value>
                <![CDATA[sean@tekschoo.us]]>
              </value>
            </param>
            <param index="2">
              <value>
                <![CDATA[Miami]]>
              </value>
            </param>
            <param index="3">
              <value>
                <![CDATA[Fl]]>
              </value>
            </param>
            <param index="4">
              <value>
                <![CDATA[11225.0]]>
              </value>
            </param>
          </params>
          <reporter-output>
          </reporter-output>
        </test-method> <!-- testOne -->
        <test-method signature="testOne(java.lang.String,java.lang.String,java.lang.String,java.lang.String,java.lang.Double)[pri:0, instance:testNG.basics.TestNGDataProviderWithExcelSheet@1ffaf86]" started-at="2023-02-28T22:06:29 EST" name="testOne" data-provider="informationData" finished-at="2023-02-28T22:06:29 EST" duration-ms="1" status="PASS">
          <params>
            <param index="0">
              <value>
                <![CDATA[Alex]]>
              </value>
            </param>
            <param index="1">
              <value>
                <![CDATA[alex@tekschool.us]]>
              </value>
            </param>
            <param index="2">
              <value>
                <![CDATA[Falls Church]]>
              </value>
            </param>
            <param index="3">
              <value>
                <![CDATA[VA]]>
              </value>
            </param>
            <param index="4">
              <value>
                <![CDATA[22044.0]]>
              </value>
            </param>
          </params>
          <reporter-output>
          </reporter-output>
        </test-method> <!-- testOne -->
        <test-method signature="testOne(java.lang.String,java.lang.String,java.lang.String,java.lang.String,java.lang.Double)[pri:0, instance:testNG.basics.TestNGDataProviderWithExcelSheet@1ffaf86]" started-at="2023-02-28T22:06:29 EST" name="testOne" data-provider="informationData" finished-at="2023-02-28T22:06:29 EST" duration-ms="1" status="PASS">
          <params>
            <param index="0">
              <value>
                <![CDATA[Ahmed]]>
              </value>
            </param>
            <param index="1">
              <value>
                <![CDATA[ahmed@tekschool.us]]>
              </value>
            </param>
            <param index="2">
              <value>
                <![CDATA[Tysons]]>
              </value>
            </param>
            <param index="3">
              <value>
                <![CDATA[VA]]>
              </value>
            </param>
            <param index="4">
              <value>
                <![CDATA[22182.0]]>
              </value>
            </param>
          </params>
          <reporter-output>
          </reporter-output>
        </test-method> <!-- testOne -->
        <test-method signature="testOne(java.lang.String,java.lang.String,java.lang.String,java.lang.String,java.lang.Double)[pri:0, instance:testNG.basics.TestNGDataProviderWithExcelSheet@1ffaf86]" started-at="2023-02-28T22:06:29 EST" name="testOne" data-provider="informationData" finished-at="2023-02-28T22:06:29 EST" duration-ms="2" status="PASS">
          <params>
            <param index="0">
              <value>
                <![CDATA[Freshta ]]>
              </value>
            </param>
            <param index="1">
              <value>
                <![CDATA[Freshta@tekschool.us]]>
              </value>
            </param>
            <param index="2">
              <value>
                <![CDATA[Alexandria]]>
              </value>
            </param>
            <param index="3">
              <value>
                <![CDATA[VA]]>
              </value>
            </param>
            <param index="4">
              <value>
                <![CDATA[22014.0]]>
              </value>
            </param>
          </params>
          <reporter-output>
          </reporter-output>
        </test-method> <!-- testOne -->
        <test-method signature="testOne(java.lang.String,java.lang.String,java.lang.String,java.lang.String,java.lang.Double)[pri:0, instance:testNG.basics.TestNGDataProviderWithExcelSheet@1ffaf86]" started-at="2023-02-28T22:06:29 EST" name="testOne" data-provider="informationData" finished-at="2023-02-28T22:06:29 EST" duration-ms="0" status="PASS">
          <params>
            <param index="0">
              <value>
                <![CDATA[Sean]]>
              </value>
            </param>
            <param index="1">
              <value>
                <![CDATA[sean@tekschoo.us]]>
              </value>
            </param>
            <param index="2">
              <value>
                <![CDATA[Miami]]>
              </value>
            </param>
            <param index="3">
              <value>
                <![CDATA[Fl]]>
              </value>
            </param>
            <param index="4">
              <value>
                <![CDATA[11225.0]]>
              </value>
            </param>
          </params>
          <reporter-output>
          </reporter-output>
        </test-method> <!-- testOne -->
      </class> <!-- testNG.basics.TestNGDataProviderWithExcelSheet -->
    </test> <!-- Default test -->
  </suite> <!-- Default suite -->
</testng-results>
