<?xml version="1.0" encoding="UTF-8"?>
<testng-results ignored="0" total="4" passed="4" failed="0" skipped="0">
  <reporter-output>
  </reporter-output>
  <suite started-at="2023-02-28T20:26:12 EST" name="Default suite" finished-at="2023-02-28T20:26:12 EST" duration-ms="60">
    <groups>
    </groups>
    <test started-at="2023-02-28T20:26:12 EST" name="Default test" finished-at="2023-02-28T20:26:12 EST" duration-ms="60">
      <class name="testNG.basics.TestNGDataProvider">
        <test-method signature="test(java.lang.String,java.lang.String,java.lang.String)[pri:0, instance:testNG.basics.TestNGDataProvider@13e344d]" started-at="2023-02-28T20:26:12 EST" name="test" data-provider="inputData" finished-at="2023-02-28T20:26:12 EST" duration-ms="5" status="PASS">
          <params>
            <param index="0">
              <value>
                <![CDATA[Shaiq]]>
              </value>
            </param>
            <param index="1">
              <value>
                <![CDATA[shaiq@tekschool.us]]>
              </value>
            </param>
            <param index="2">
              <value>
                <![CDATA[Falls Church]]>
              </value>
            </param>
          </params>
          <reporter-output>
          </reporter-output>
        </test-method> <!-- test -->
        <test-method signature="test(java.lang.String,java.lang.String,java.lang.String)[pri:0, instance:testNG.basics.TestNGDataProvider@13e344d]" started-at="2023-02-28T20:26:12 EST" name="test" data-provider="inputData" finished-at="2023-02-28T20:26:12 EST" duration-ms="1" status="PASS">
          <params>
            <param index="0">
              <value>
                <![CDATA[Sabawoon]]>
              </value>
            </param>
            <param index="1">
              <value>
                <![CDATA[sabawoon@tekschool.us]]>
              </value>
            </param>
            <param index="2">
              <value>
                <![CDATA[Falls Church]]>
              </value>
            </param>
          </params>
          <reporter-output>
          </reporter-output>
        </test-method> <!-- test -->
        <test-method signature="test(java.lang.String,java.lang.String,java.lang.String)[pri:0, instance:testNG.basics.TestNGDataProvider@13e344d]" started-at="2023-02-28T20:26:12 EST" name="test" data-provider="inputData" finished-at="2023-02-28T20:26:12 EST" duration-ms="1" status="PASS">
          <params>
            <param index="0">
              <value>
                <![CDATA[Zia]]>
              </value>
            </param>
            <param index="1">
              <value>
                <![CDATA[zia@tekschool.us]]>
              </value>
            </param>
            <param index="2">
              <value>
                <![CDATA[Silver Spring]]>
              </value>
            </param>
          </params>
          <reporter-output>
          </reporter-output>
        </test-method> <!-- test -->
        <test-method signature="test(java.lang.String,java.lang.String,java.lang.String)[pri:0, instance:testNG.basics.TestNGDataProvider@13e344d]" started-at="2023-02-28T20:26:12 EST" name="test" data-provider="inputData" finished-at="2023-02-28T20:26:12 EST" duration-ms="1" status="PASS">
          <params>
            <param index="0">
              <value>
                <![CDATA[Isabel]]>
              </value>
            </param>
            <param index="1">
              <value>
                <![CDATA[Isabel@tekschool.us]]>
              </value>
            </param>
            <param index="2">
              <value>
                <![CDATA[Falls Church]]>
              </value>
            </param>
          </params>
          <reporter-output>
          </reporter-output>
        </test-method> <!-- test -->
      </class> <!-- testNG.basics.TestNGDataProvider -->
    </test> <!-- Default test -->
  </suite> <!-- Default suite -->
</testng-results>
